[debug] [2022-11-27T17:22:03.397Z] ----------------------------------------------------------------------
[debug] [2022-11-27T17:22:03.399Z] Command:       C:\Program Files\nodejs\node.exe C:\Users\Mozil\AppData\Roaming\npm\node_modules\firebase-tools\lib\bin\firebase.js init
[debug] [2022-11-27T17:22:03.399Z] CLI Version:   11.16.1
[debug] [2022-11-27T17:22:03.399Z] Platform:      win32
[debug] [2022-11-27T17:22:03.399Z] Node Version:  v16.17.0
[debug] [2022-11-27T17:22:03.400Z] Time:          Sun Nov 27 2022 12:22:03 GMT-0500 (Eastern Standard Time)
[debug] [2022-11-27T17:22:03.400Z] ----------------------------------------------------------------------
[debug] 
[debug] [2022-11-27T17:22:03.403Z] >>> [apiv2][query] GET https://firebase-public.firebaseio.com/cli.json [none]
[debug] [2022-11-27T17:22:03.426Z] > command requires scopes: ["email","openid","https://www.googleapis.com/auth/cloudplatformprojects.readonly","https://www.googleapis.com/auth/firebase","https://www.googleapis.com/auth/cloud-platform"]
[debug] [2022-11-27T17:22:03.426Z] > authorizing via signed-in user (walshrjoseph@gmail.com)
[info] 
     ######## #### ########  ######## ########     ###     ######  ########
     ##        ##  ##     ## ##       ##     ##  ##   ##  ##       ##
     ######    ##  ########  ######   ########  #########  ######  ######
     ##        ##  ##    ##  ##       ##     ## ##     ##       ## ##
     ##       #### ##     ## ######## ########  ##     ##  ######  ########

You're about to initialize a Firebase project in this directory:

  C:\Users\Mozil\Desktop\projects\flaskproject

[debug] [2022-11-27T17:22:03.551Z] <<< [apiv2][status] GET https://firebase-public.firebaseio.com/cli.json 200
[debug] [2022-11-27T17:22:03.551Z] <<< [apiv2][body] GET https://firebase-public.firebaseio.com/cli.json {"cloudBuildErrorAfter":1594252800000,"cloudBuildWarnAfter":1590019200000,"defaultNode10After":1594252800000,"minVersion":"3.0.5","node8DeploysDisabledAfter":1613390400000,"node8RuntimeDisabledAfter":1615809600000,"node8WarnAfter":1600128000000}
